<?xml version="1.0" encoding="UTF-8"?>
<testng-results ignored="0" total="1" passed="1" failed="0" skipped="0">
  <reporter-output>
  </reporter-output>
  <suite started-at="2023-10-28T10:30:59 EDT" name="Default suite" finished-at="2023-10-28T10:33:34 EDT" duration-ms="154932">
    <groups>
    </groups>
    <test started-at="2023-10-28T10:30:59 EDT" name="Default test" finished-at="2023-10-28T10:33:34 EDT" duration-ms="154932">
      <class name="com.it.bd.tests.LoginTest">
        <test-method is-config="true" signature="startBrowser()[pri:0, instance:com.it.bd.tests.LoginTest@2d710f1a]" started-at="2023-10-28T10:30:56 EDT" name="startBrowser" finished-at="2023-10-28T10:30:59 EDT" duration-ms="2736" status="PASS">
          <reporter-output>
          </reporter-output>
        </test-method> <!-- startBrowser -->
        <test-method is-config="true" signature="start()[pri:0, instance:com.it.bd.tests.LoginTest@2d710f1a]" started-at="2023-10-28T10:30:59 EDT" name="start" finished-at="2023-10-28T10:33:32 EDT" duration-ms="153269" status="PASS">
          <reporter-output>
          </reporter-output>
        </test-method> <!-- start -->
        <test-method signature="loginTest()[pri:0, instance:com.it.bd.tests.LoginTest@2d710f1a]" started-at="2023-10-28T10:33:32 EDT" name="loginTest" finished-at="2023-10-28T10:33:33 EDT" duration-ms="1190" status="PASS">
          <reporter-output>
          </reporter-output>
        </test-method> <!-- loginTest -->
        <test-method is-config="true" signature="report()[pri:0, instance:com.it.bd.tests.LoginTest@2d710f1a]" started-at="2023-10-28T10:33:33 EDT" name="report" finished-at="2023-10-28T10:33:34 EDT" duration-ms="416" status="PASS">
          <reporter-output>
          </reporter-output>
        </test-method> <!-- report -->
        <test-method is-config="true" signature="close()[pri:0, instance:com.it.bd.tests.LoginTest@2d710f1a]" started-at="2023-10-28T10:33:34 EDT" name="close" finished-at="2023-10-28T10:33:34 EDT" duration-ms="0" status="PASS">
          <reporter-output>
          </reporter-output>
        </test-method> <!-- close -->
      </class> <!-- com.it.bd.tests.LoginTest -->
    </test> <!-- Default test -->
  </suite> <!-- Default suite -->
</testng-results>
